<?xml version="1.0" encoding="UTF-8"?>
<!-- Generated by org.testng.reporters.JUnitReportReporter -->
<testsuite hostname="HMECL003640" failures="0" tests="1" name="Test.TestCase01" time="8.958" errors="0" timestamp="2023-04-14T13:21:16 IST" skipped="0">
  <testcase classname="Test.TestCase01" name="toValidateStatusCode" time="8.958"/>
  <system-out/>
</testsuite> <!-- Test.TestCase01 -->
