<?xml version="1.0" encoding="UTF-8"?>
<!-- Generated by org.testng.reporters.JUnitReportReporter -->
<testsuite hostname="DESKTOP-QP0S8D8" failures="0" tests="1" name="test.demotest" time="12.732" errors="0" timestamp="2022-12-31T11:29:14 IST" skipped="0">
  <testcase classname="test.demotest" name="test" time="12.732"/>
  <system-out/>
</testsuite> <!-- test.demotest -->
